Using pre-set license
Built from '2020.3/staging' branch; Version is '2020.3.17f1 (a4537701e4ab) revision 10769271'; Using compiler version '192528614'; Build Type 'Release'
OS: 'Windows 10 Pro; OS build 19042.1237; Version 2009; 64bit' Language: 'en' Physical Memory: 3993 MB
BatchMode: 1, IsHumanControllingUs: 0, StartBugReporterOnCrash: 0, Is64bit: 1, IsPro: 0

COMMAND LINE ARGUMENTS:
C:\Program Files\Unity\Hub\Editor\2020.3.17f1\Editor\Unity.exe
-adb2
-batchMode
-noUpm
-name
AssetImportWorker0
-projectPath
C:/Users/MASTER/Documents/GitHub/MTEC-2120-Jesus-Porras-Jr/AR Foundation Project
-logFile
Logs/AssetImportWorker0.log
-srvPort
52379
Successfully changed project path to: C:/Users/MASTER/Documents/GitHub/MTEC-2120-Jesus-Porras-Jr/AR Foundation Project
C:/Users/MASTER/Documents/GitHub/MTEC-2120-Jesus-Porras-Jr/AR Foundation Project
Using Asset Import Pipeline V2.
Refreshing native plugins compatible for Editor in 107.35 ms, found 2 plugins.
Preloading 0 native plugins for Editor in 0.00 ms.
Initialize engine version: 2020.3.17f1 (a4537701e4ab)
[Subsystems] Discovering subsystems at path C:/Program Files/Unity/Hub/Editor/2020.3.17f1/Editor/Data/Resources/UnitySubsystems
[Subsystems] Discovering subsystems at path C:/Users/MASTER/Documents/GitHub/MTEC-2120-Jesus-Porras-Jr/AR Foundation Project/Assets
GfxDevice: creating device client; threaded=0
Direct3D:
    Version:  Direct3D 11.0 [level 10.1]
    Renderer: Intel(R) HD Graphics (ID=0x102)
    Vendor:   
    VRAM:     128 MB
    Driver:   9.17.10.4459
Initialize mono
Mono path[0] = 'C:/Program Files/Unity/Hub/Editor/2020.3.17f1/Editor/Data/Managed'
Mono path[1] = 'C:/Program Files/Unity/Hub/Editor/2020.3.17f1/Editor/Data/MonoBleedingEdge/lib/mono/unityjit'
Mono config path = 'C:/Program Files/Unity/Hub/Editor/2020.3.17f1/Editor/Data/MonoBleedingEdge/etc'
Using monoOptions --debugger-agent=transport=dt_socket,embedding=1,server=y,suspend=n,address=127.0.0.1:56212
Begin MonoManager ReloadAssembly
Registering precompiled unity dll's ...
Register platform support module: C:/Program Files/Unity/Hub/Editor/2020.3.17f1/Editor/Data/PlaybackEngines/WindowsStandaloneSupport/UnityEditor.WindowsStandalone.Extensions.dll
Registered in 0.010908 seconds.
Native extension for WindowsStandalone target not found
Refreshing native plugins compatible for Editor in 95.99 ms, found 2 plugins.
Preloading 0 native plugins for Editor in 0.00 ms.
Mono: successfully reloaded assembly
- Completed reload, in 13.155 seconds
Domain Reload Profiling:
	ReloadAssembly (13155ms)
		BeginReloadAssembly (161ms)
			ExecutionOrderSort (0ms)
			DisableScriptedObjects (0ms)
			BackupInstance (0ms)
			ReleaseScriptingObjects (0ms)
			CreateAndSetChildDomain (1ms)
		EndReloadAssembly (1277ms)
			LoadAssemblies (155ms)
			RebuildTransferFunctionScriptingTraits (0ms)
			SetupTypeCache (425ms)
			ReleaseScriptCaches (0ms)
			RebuildScriptCaches (81ms)
			SetupLoadedEditorAssemblies (536ms)
				LogAssemblyErrors (0ms)
				InitializePlatformSupportModulesInManaged (17ms)
				SetLoadedEditorAssemblies (0ms)
				RefreshPlugins (96ms)
				BeforeProcessingInitializeOnLoad (26ms)
				ProcessInitializeOnLoadAttributes (312ms)
				ProcessInitializeOnLoadMethodAttributes (83ms)
				AfterProcessingInitializeOnLoad (0ms)
				EditorAssembliesLoaded (1ms)
			ExecutionOrderSort2 (0ms)
			AwakeInstancesAfterBackupRestoration (0ms)
Platform modules already initialized, skipping
Registering precompiled user dll's ...
Registered in 0.038538 seconds.
Begin MonoManager ReloadAssembly
Native extension for WindowsStandalone target not found
Refreshing native plugins compatible for Editor in 6.61 ms, found 2 plugins.
Preloading 0 native plugins for Editor in 0.00 ms.
Mono: successfully reloaded assembly
- Completed reload, in  3.724 seconds
Domain Reload Profiling:
	ReloadAssembly (3726ms)
		BeginReloadAssembly (479ms)
			ExecutionOrderSort (0ms)
			DisableScriptedObjects (28ms)
			BackupInstance (0ms)
			ReleaseScriptingObjects (0ms)
			CreateAndSetChildDomain (41ms)
		EndReloadAssembly (3048ms)
			LoadAssemblies (348ms)
			RebuildTransferFunctionScriptingTraits (0ms)
			SetupTypeCache (848ms)
			ReleaseScriptCaches (1ms)
			RebuildScriptCaches (132ms)
			SetupLoadedEditorAssemblies (1307ms)
				LogAssemblyErrors (0ms)
				InitializePlatformSupportModulesInManaged (18ms)
				SetLoadedEditorAssemblies (8ms)
				RefreshPlugins (7ms)
				BeforeProcessingInitializeOnLoad (281ms)
				ProcessInitializeOnLoadAttributes (958ms)
				ProcessInitializeOnLoadMethodAttributes (10ms)
				AfterProcessingInitializeOnLoad (25ms)
				EditorAssembliesLoaded (1ms)
			ExecutionOrderSort2 (0ms)
			AwakeInstancesAfterBackupRestoration (16ms)
Platform modules already initialized, skipping
========================================================================
Worker process is ready to serve import requests
Launched and connected shader compiler UnityShaderCompiler.exe after 0.15 seconds
Refreshing native plugins compatible for Editor in 0.85 ms, found 2 plugins.
Preloading 0 native plugins for Editor in 0.00 ms.
Unloading 1745 Unused Serialized files (Serialized files now loaded: 0)
System memory in use before: 77.0 MB.
System memory in use after: 77.1 MB.

Unloading 20 unused Assets to reduce memory usage. Loaded Objects now: 2178.
Total: 8.961100 ms (FindLiveObjects: 0.206000 ms CreateObjectMapping: 0.073000 ms MarkObjects: 8.533200 ms  DeleteObjects: 0.146500 ms)

AssetImportParameters requested are different than current active one (requested -> active):
  custom:framework-win-MediaFoundation: 216162199b28c13a410421893ffa2e32 -> 
  custom:video-decoder-ogg-theora: a1e56fd34408186e4bbccfd4996cb3dc -> 
  custom:container-muxer-webm: aa71ff27fc2769a1b78a27578f13a17b -> 
  custom:container-demuxer-webm: 4f35f7cbe854078d1ac9338744f61a02 -> 
  custom:container-demuxer-ogg: 62fdf1f143b41e24485cea50d1cbac27 -> 
  custom:video-encoder-webm-vp8: eb34c28f22e8b96e1ab97ce403110664 -> 
  custom:video-decoder-webm-vp8: 9c59270c3fd7afecdb556c50c9e8de78 -> 
  custom:audio-decoder-ogg-vorbis: bf7c407c2cedff20999df2af8eb42d56 -> 
  custom:audio-encoder-webm-vorbis: bf7c407c2cedff20999df2af8eb42d56 -> 
========================================================================
Received Import Request.
  path: Assets/AR Plane.prefab
  artifactKey: Guid(6ff3d1de1d1f5334289f7b5d4a09d920) Importer(815301076,1909f56bfc062723c751e8b465ee728b)
Start importing Assets/AR Plane.prefab using Guid(6ff3d1de1d1f5334289f7b5d4a09d920) Importer(815301076,1909f56bfc062723c751e8b465ee728b)  -> (artifact id: '7146ccbf6df69fbefee978f8aa543ac2') in 0.292514 seconds 
  Import took 0.299625 seconds .

========================================================================
Received Import Request.
  Time since last request: 2805.763572 seconds.
  path: Assets/New Material.mat
  artifactKey: Guid(4861e361f0505934fa018720826ffd48) Importer(815301076,1909f56bfc062723c751e8b465ee728b)
Start importing Assets/New Material.mat using Guid(4861e361f0505934fa018720826ffd48) Importer(815301076,1909f56bfc062723c751e8b465ee728b)  -> (artifact id: '0d9e25beb368d73ba67be35d891d7e4a') in 1.179671 seconds 
  Import took 1.538533 seconds .

========================================================================
Received Import Request.
  Time since last request: 26.801932 seconds.
  path: Assets/New Material 1.mat
  artifactKey: Guid(91357e7753e6f7e4399603b3a74b13c0) Importer(815301076,1909f56bfc062723c751e8b465ee728b)
Start importing Assets/New Material 1.mat using Guid(91357e7753e6f7e4399603b3a74b13c0) Importer(815301076,1909f56bfc062723c751e8b465ee728b)  -> (artifact id: '2b203d578b85e2ea408c06406d27cbf4') in 0.062799 seconds 
  Import took 0.072514 seconds .

========================================================================
Received Import Request.
  Time since last request: 0.051035 seconds.
  path: Assets/New Material 1.mat
  artifactKey: Guid(91357e7753e6f7e4399603b3a74b13c0) Importer(815301076,1909f56bfc062723c751e8b465ee728b)
Start importing Assets/New Material 1.mat using Guid(91357e7753e6f7e4399603b3a74b13c0) Importer(815301076,1909f56bfc062723c751e8b465ee728b)  -> (artifact id: '2b203d578b85e2ea408c06406d27cbf4') in 0.042752 seconds 
  Import took 0.054789 seconds .

========================================================================
Received Import Request.
  Time since last request: 15.552503 seconds.
  path: Assets/New Material 2.mat
  artifactKey: Guid(685a88edd4873804881e9ac563ad5f0f) Importer(815301076,1909f56bfc062723c751e8b465ee728b)
Start importing Assets/New Material 2.mat using Guid(685a88edd4873804881e9ac563ad5f0f) Importer(815301076,1909f56bfc062723c751e8b465ee728b)  -> (artifact id: 'b80117e28feba5b4618c4cc8370ff94f') in 0.047880 seconds 
  Import took 0.060491 seconds .

========================================================================
Received Import Request.
  Time since last request: 3308.273168 seconds.
  path: Assets/AR Plane.prefab
  artifactKey: Guid(6ff3d1de1d1f5334289f7b5d4a09d920) Importer(815301076,1909f56bfc062723c751e8b465ee728b)
Start importing Assets/AR Plane.prefab using Guid(6ff3d1de1d1f5334289f7b5d4a09d920) Importer(815301076,1909f56bfc062723c751e8b465ee728b)  -> (artifact id: 'dfc77c9d84940fd2a36da82f584bb1b3') in 0.290064 seconds 
  Import took 0.675135 seconds .

========================================================================
Received Import Request.
  Time since last request: 71.823528 seconds.
  path: Assets/Point Cloud Visualizer.prefab
  artifactKey: Guid(5f334eba773cf7b49a13f8c2d78e54ba) Importer(815301076,1909f56bfc062723c751e8b465ee728b)
Start importing Assets/Point Cloud Visualizer.prefab using Guid(5f334eba773cf7b49a13f8c2d78e54ba) Importer(815301076,1909f56bfc062723c751e8b465ee728b)  -> (artifact id: '567931d3ebce9cd9ebc1196da491d1a0') in 0.279598 seconds 
  Import took 0.287233 seconds .

AssetImportWorkerClient::OnTransportError - code=2 error=End of file
